C:\Program Files (x86)\MSBuild\Microsoft.Cpp\v4.0\V140\Microsoft.CppBuild.targets(392,5): warning MSB8028: The intermediate directory (Release\) contains files shared from another project (Development - Class 6.vcxproj).  This can lead to incorrect clean and rebuild behavior.
  j1Map.cpp
j1Map.cpp(65): warning C4244: 'argument': conversion from 'const float32' to 'int', possible loss of data
  j1Physics.cpp
j1Physics.cpp(225): warning C4244: '=': conversion from 'float' to 'int', possible loss of data
j1Physics.cpp(226): warning C4244: '=': conversion from 'float' to 'int', possible loss of data
j1Physics.cpp(269): warning C4018: '<': signed/unsigned mismatch
j1Physics.cpp(351): warning C4244: 'initializing': conversion from 'int' to 'float', possible loss of data
j1Physics.cpp(352): warning C4244: 'initializing': conversion from 'int' to 'float', possible loss of data
j1Physics.cpp(358): warning C4244: 'return': conversion from 'float32' to 'int', possible loss of data
  j1Scene.cpp
  j1Textures.cpp
     Creating library C:\Users\gsunyer\Documents\GitHub\Pinball_Box2D\Pinball\Release\Pinball.lib and object C:\Users\gsunyer\Documents\GitHub\Pinball_Box2D\Pinball\Release\Pinball.exp
  Generating code
  3 of 525 functions ( 0.6%) were compiled, the rest were copied from previous compilation.
    0 functions were new in current compilation
    13 functions had inline decision re-evaluated but remain unchanged
  Finished generating code
physfs.lib(physfs.obj) : warning LNK4049: locally defined symbol _sprintf imported
  Motor2D.vcxproj -> C:\Users\gsunyer\Documents\GitHub\Pinball_Box2D\Pinball\Release\Pinball.exe
  Motor2D.vcxproj -> C:\Users\gsunyer\Documents\GitHub\Pinball_Box2D\Pinball\Release\Pinball.pdb (Full PDB)
