c:\users\gsunyer\documents\github\pinball_box2d\pinball\motor2d\debug\vc140.pdb
c:\users\gsunyer\documents\github\pinball_box2d\pinball\motor2d\debug\vc140.idb
c:\users\gsunyer\documents\github\pinball_box2d\pinball\motor2d\debug\j1filesystem.obj
c:\users\gsunyer\documents\github\pinball_box2d\pinball\motor2d\debug\j1main.obj
c:\users\gsunyer\documents\github\pinball_box2d\pinball\motor2d\debug\j1app.obj
c:\users\gsunyer\documents\github\pinball_box2d\pinball\motor2d\debug\j1audio.obj
c:\users\gsunyer\documents\github\pinball_box2d\pinball\motor2d\debug\j1input.obj
c:\users\gsunyer\documents\github\pinball_box2d\pinball\motor2d\debug\j1map.obj
c:\users\gsunyer\documents\github\pinball_box2d\pinball\motor2d\debug\j1physics.obj
c:\users\gsunyer\documents\github\pinball_box2d\pinball\motor2d\debug\j1scene.obj
c:\users\gsunyer\documents\github\pinball_box2d\pinball\motor2d\debug\p2log.obj
c:\users\gsunyer\documents\github\pinball_box2d\pinball\motor2d\debug\j1render.obj
c:\users\gsunyer\documents\github\pinball_box2d\pinball\motor2d\debug\j1textures.obj
c:\users\gsunyer\documents\github\pinball_box2d\pinball\motor2d\debug\j1window.obj
c:\users\gsunyer\documents\github\pinball_box2d\pinball\motor2d\debug\pugixml.obj
c:\users\gsunyer\documents\github\pinball_box2d\pinball\debug\development - class 6.lib
c:\users\gsunyer\documents\github\pinball_box2d\pinball\debug\development - class 6.exp
c:\users\gsunyer\documents\github\pinball_box2d\pinball\debug\development - class 6.ilk
c:\users\gsunyer\documents\github\pinball_box2d\pinball\debug\development - class 6.exe
c:\users\gsunyer\documents\github\pinball_box2d\pinball\debug\development - class 6.pdb
c:\users\gsunyer\documents\github\pinball_box2d\pinball\motor2d\debug\developm.2af9969b.tlog\cl.command.1.tlog
c:\users\gsunyer\documents\github\pinball_box2d\pinball\motor2d\debug\developm.2af9969b.tlog\cl.read.1.tlog
c:\users\gsunyer\documents\github\pinball_box2d\pinball\motor2d\debug\developm.2af9969b.tlog\cl.write.1.tlog
c:\users\gsunyer\documents\github\pinball_box2d\pinball\motor2d\debug\developm.2af9969b.tlog\development - class 6.write.1u.tlog
c:\users\gsunyer\documents\github\pinball_box2d\pinball\motor2d\debug\developm.2af9969b.tlog\link.command.1.tlog
c:\users\gsunyer\documents\github\pinball_box2d\pinball\motor2d\debug\developm.2af9969b.tlog\link.read.1.tlog
c:\users\gsunyer\documents\github\pinball_box2d\pinball\motor2d\debug\developm.2af9969b.tlog\link.write.1.tlog
